# JRE version: OpenJDK Runtime Environment Temurin-17.0.7+7 (17.0.7+7) (build 17.0.7+7)
# Java VM: OpenJDK 64-Bit Server VM Temurin-17.0.7+7 (17.0.7+7, mixed mode, sharing, tiered, compressed oops, compressed class ptrs, g1 gc, windows-amd64)
GC Precious Log:
 CPUs: 4 total, 4 available
 Memory: 7991M
 Large Page Support: Disabled
 NUMA Support: Disabled
 Compressed Oops: Enabled (Zero based)
 Heap Region Size: 2M
 Heap Min Capacity: 512M
 Heap Initial Capacity: 512M
 Heap Max Capacity: 4072M
 Pre-touch: Disabled
 Parallel Workers: 4
 Concurrent Workers: 1
 Concurrent Refinement Workers: 4
 Periodic GC: Disabled
 String Deduplication is enabled
Heap:
 garbage-first heap   total 524288K, used 124074K [0x0000000701800000, 0x0000000800000000)
  region size 2048K, 3 young (6144K), 1 survivors (2048K)
 Metaspace       used 92206K, committed 93312K, reserved 1179648K
  class space    used 12345K, committed 12800K, reserved 1048576K
GC Heap History (20 events):
Event: 6624.648 GC heap before
{Heap before GC invocations=508 (full 250):
 garbage-first heap   total 524288K, used 193076K [0x0000000701800000, 0x0000000800000000)
  region size 2048K, 40 young (81920K), 1 survivors (2048K)
 Metaspace       used 92135K, committed 93248K, reserved 1179648K
  class space    used 12345K, committed 12800K, reserved 1048576K
}
Event: 6624.651 GC heap after
{Heap after GC invocations=509 (full 250):
 garbage-first heap   total 524288K, used 115680K [0x0000000701800000, 0x0000000800000000)
  region size 2048K, 1 young (2048K), 1 survivors (2048K)
 Metaspace       used 92135K, committed 93248K, reserved 1179648K
  class space    used 12345K, committed 12800K, reserved 1048576K
}
Event: 6651.384 GC heap before
{Heap before GC invocations=509 (full 250):
 garbage-first heap   total 524288K, used 228320K [0x0000000701800000, 0x0000000800000000)
  region size 2048K, 40 young (81920K), 1 survivors (2048K)
 Metaspace       used 92142K, committed 93248K, reserved 1179648K
  class space    used 12345K, committed 12800K, reserved 1048576K
}
Event: 6651.386 GC heap after
{Heap after GC invocations=510 (full 250):
 garbage-first heap   total 524288K, used 140239K [0x0000000701800000, 0x0000000800000000)
  region size 2048K, 1 young (2048K), 1 survivors (2048K)
 Metaspace       used 92142K, committed 93248K, reserved 1179648K
  class space    used 12345K, committed 12800K, reserved 1048576K
}
Event: 6677.821 GC heap before
{Heap before GC invocations=510 (full 250):
 garbage-first heap   total 524288K, used 226255K [0x0000000701800000, 0x0000000800000000)
  region size 2048K, 40 young (81920K), 1 survivors (2048K)
 Metaspace       used 92142K, committed 93248K, reserved 1179648K
  class space    used 12345K, committed 12800K, reserved 1048576K
}
Event: 6677.825 GC heap after
{Heap after GC invocations=511 (full 250):
 garbage-first heap   total 524288K, used 111502K [0x0000000701800000, 0x0000000800000000)
  region size 2048K, 1 young (2048K), 1 survivors (2048K)
 Metaspace       used 92142K, committed 93248K, reserved 1179648K
  class space    used 12345K, committed 12800K, reserved 1048576K
}
Event: 6706.465 GC heap before
{Heap before GC invocations=511 (full 250):
 garbage-first heap   total 524288K, used 195470K [0x0000000701800000, 0x0000000800000000)
  region size 2048K, 40 young (81920K), 1 survivors (2048K)
 Metaspace       used 92202K, committed 93312K, reserved 1179648K
  class space    used 12345K, committed 12800K, reserved 1048576K
}
Event: 6706.468 GC heap after
{Heap after GC invocations=512 (full 250):
 garbage-first heap   total 524288K, used 113404K [0x0000000701800000, 0x0000000800000000)
  region size 2048K, 1 young (2048K), 1 survivors (2048K)
 Metaspace       used 92202K, committed 93312K, reserved 1179648K
  class space    used 12345K, committed 12800K, reserved 1048576K
}
Event: 6757.471 GC heap before
{Heap before GC invocations=512 (full 250):
 garbage-first heap   total 524288K, used 193276K [0x0000000701800000, 0x0000000800000000)
  region size 2048K, 40 young (81920K), 1 survivors (2048K)
 Metaspace       used 92202K, committed 93312K, reserved 1179648K
  class space    used 12345K, committed 12800K, reserved 1048576K
}
Event: 6757.474 GC heap after
{Heap after GC invocations=513 (full 250):
 garbage-first heap   total 524288K, used 109377K [0x0000000701800000, 0x0000000800000000)
  region size 2048K, 1 young (2048K), 1 survivors (2048K)
 Metaspace       used 92202K, committed 93312K, reserved 1179648K
  class space    used 12345K, committed 12800K, reserved 1048576K
}
Event: 6782.657 GC heap before
{Heap before GC invocations=513 (full 250):
 garbage-first heap   total 524288K, used 189249K [0x0000000701800000, 0x0000000800000000)
  region size 2048K, 40 young (81920K), 1 survivors (2048K)
 Metaspace       used 92202K, committed 93312K, reserved 1179648K
  class space    used 12345K, committed 12800K, reserved 1048576K
}
Event: 6782.659 GC heap after
{Heap after GC invocations=514 (full 250):
 garbage-first heap   total 524288K, used 109305K [0x0000000701800000, 0x0000000800000000)
  region size 2048K, 1 young (2048K), 1 survivors (2048K)
 Metaspace       used 92202K, committed 93312K, reserved 1179648K
  class space    used 12345K, committed 12800K, reserved 1048576K
}
Event: 6868.072 GC heap before
{Heap before GC invocations=514 (full 250):
 garbage-first heap   total 524288K, used 189177K [0x0000000701800000, 0x0000000800000000)
  region size 2048K, 40 young (81920K), 1 survivors (2048K)
 Metaspace       used 92205K, committed 93312K, reserved 1179648K
  class space    used 12345K, committed 12800K, reserved 1048576K
}
Event: 6868.078 GC heap after
{Heap after GC invocations=515 (full 250):
 garbage-first heap   total 524288K, used 109445K [0x0000000701800000, 0x0000000800000000)
  region size 2048K, 1 young (2048K), 1 survivors (2048K)
 Metaspace       used 92205K, committed 93312K, reserved 1179648K
  class space    used 12345K, committed 12800K, reserved 1048576K
}
Event: 6891.296 GC heap before
{Heap before GC invocations=515 (full 250):
 garbage-first heap   total 524288K, used 189317K [0x0000000701800000, 0x0000000800000000)
  region size 2048K, 40 young (81920K), 1 survivors (2048K)
 Metaspace       used 92206K, committed 93312K, reserved 1179648K
  class space    used 12345K, committed 12800K, reserved 1048576K
}
Event: 6891.299 GC heap after
{Heap after GC invocations=516 (full 250):
 garbage-first heap   total 524288K, used 109327K [0x0000000701800000, 0x0000000800000000)
  region size 2048K, 1 young (2048K), 1 survivors (2048K)
 Metaspace       used 92206K, committed 93312K, reserved 1179648K
  class space    used 12345K, committed 12800K, reserved 1048576K
}
Event: 6928.444 GC heap before
{Heap before GC invocations=516 (full 250):
 garbage-first heap   total 524288K, used 191247K [0x0000000701800000, 0x0000000800000000)
  region size 2048K, 40 young (81920K), 1 survivors (2048K)
 Metaspace       used 92206K, committed 93312K, reserved 1179648K
  class space    used 12345K, committed 12800K, reserved 1048576K
}
Event: 6928.446 GC heap after
{Heap after GC invocations=517 (full 250):
 garbage-first heap   total 524288K, used 111467K [0x0000000701800000, 0x0000000800000000)
  region size 2048K, 1 young (2048K), 1 survivors (2048K)
 Metaspace       used 92206K, committed 93312K, reserved 1179648K
  class space    used 12345K, committed 12800K, reserved 1048576K
}
Event: 7005.600 GC heap before
{Heap before GC invocations=517 (full 250):
 garbage-first heap   total 524288K, used 205675K [0x0000000701800000, 0x0000000800000000)
  region size 2048K, 40 young (81920K), 1 survivors (2048K)
 Metaspace       used 92206K, committed 93312K, reserved 1179648K
  class space    used 12345K, committed 12800K, reserved 1048576K
}
Event: 7005.603 GC heap after
{Heap after GC invocations=518 (full 250):
 garbage-first heap   total 524288K, used 122026K [0x0000000701800000, 0x0000000800000000)
  region size 2048K, 1 young (2048K), 1 survivors (2048K)
 Metaspace       used 92206K, committed 93312K, reserved 1179648K
  class space    used 12345K, committed 12800K, reserved 1048576K
}

